<?xml version="1.0" encoding="UTF-8"?>
<testsuite xmlns:xsi="http://www.w3.org/2001/XMLSchema-instance" xsi:noNamespaceSchemaLocation="https://maven.apache.org/surefire/maven-failsafe-plugin/xsd/failsafe-test-report-3.0.xsd" version="3.0" name="com.project.service.JPlagServiceTestIT" time="15.588" tests="6" errors="0" skipped="0" failures="0">
  <properties>
[...]
</properties>
  <testcase name="testParallelExecution" classname="com.project.service.JPlagServiceTestIT" time="5.339">
    <system-out><![CDATA[[JPlag] 2026-04-14-11:54:19_628 [WARN] JPlagVersionChecker - There is a newer version (6.3.0) available. You can download the newest version here: https://github.com/jplag/JPlag/releases
[JPlag] WARNING: A restricted method in java.lang.System has been called
[JPlag] WARNING: java.lang.System::load has been called by org.jline.nativ.JLineNativeLoader in an unnamed module (file:/D:/Jplagcode/Jplagcode/jplag-6.2.0-jar-with-dependencies.jar)
[JPlag] WARNING: Use --enable-native-access=ALL-UNNAMED to avoid a warning for callers in this module
[JPlag] WARNING: Restricted methods will be blocked in a future release unless native access is enabled
[JPlag] 
[JPlag] 2026-04-14-11:54:19_931 [WARN] JPlagVersionChecker - There is a newer version (6.3.0) available. You can download the newest version here: https://github.com/jplag/JPlag/releases
[JPlag] 
[JPlag] Loading Submissions   0% [================                 ] 0/2 (0:00:00 / ?) 
[JPlag] Loading Submissions 100% [===========================] 2/2 (0:00:00 / 0:00:00) 
[JPlag] Loading Submissions 100% [===========================] 2/2 (0:00:00 / 0:00:00) 
[JPlag] WARNING: A restricted method in java.lang.System has been called
[JPlag] WARNING: java.lang.System::load has been called by org.jline.nativ.JLineNativeLoader in an unnamed module (file:/D:/Jplagcode/Jplagcode/jplag-6.2.0-jar-with-dependencies.jar)
[JPlag] WARNING: Use --enable-native-access=ALL-UNNAMED to avoid a warning for callers in this module
[JPlag] WARNING: Restricted methods will be blocked in a future release unless native access is enabled
[JPlag] 
[JPlag] 
[JPlag] 
[JPlag] Loading Submissions   0% [                                 ] 0/2 (0:00:00 / ?) 
[JPlag] Loading Submissions 100% [===========================] 2/2 (0:00:00 / 0:00:00) 
[JPlag] Loading Submissions 100% [===========================] 2/2 (0:00:00 / 0:00:00) 
[JPlag] 
[JPlag] Parsing Submissions   0% [                                 ] 0/2 (0:00:00 / ?) 
[JPlag] Parsing Submissions 100% [===========================] 2/2 (0:00:00 / 0:00:00) 
[JPlag] Parsing Submissions 100% [===========================] 2/2 (0:00:00 / 0:00:00) 
[JPlag] 
[JPlag] Preparing Submissions   0% [=========================] 0/2 (0:00:00 / 0:00:00) 
[JPlag] Preparing Submissions 100% [=========================] 2/2 (0:00:00 / 0:00:00) 
[JPlag] 
[JPlag] Comparing Submission Pairs   0% [                          ] 0/1 (0:00:00 / ?) 
[JPlag] Comparing Submission Pairs 100% [====================] 1/1 (0:00:00 / 0:00:00) 
[JPlag] Comparing Submission Pairs 100% [====================] 1/1 (0:00:00 / 0:00:00) 
[JPlag] 2026-04-14-11:54:20_536 [INFO] JPlag - Total time for comparing submissions: 0h 00min 00s 070ms
[JPlag] 2026-04-14-11:54:20_537 [INFO] ClusteringFactory - Calculating clusters via spectral clustering with cumulative distribution function pre-processing...
[JPlag] Apr 14, 2026 11:54:20 PM org.jline.utils.Log logr
[JPlag] WARNING: Unable to create a system terminal, creating a dumb terminal (enable debug logging for more information)
[JPlag] 
[JPlag] Parsing Submissions   0% [                                 ] 0/2 (0:00:00 / ?) 
[JPlag] Parsing Submissions 100% [===========================] 2/2 (0:00:00 / 0:00:00) 
[JPlag] Parsing Submissions 100% [===========================] 2/2 (0:00:00 / 0:00:00) 
[JPlag] 
[JPlag] Preparing Submissions   0% [=========================] 2/2 (0:00:00 / 0:00:00) 
[JPlag] Preparing Submissions 100% [=========================] 2/2 (0:00:00 / 0:00:00) 
[JPlag] 
[JPlag] Comparing Submission Pairs   0% [                          ] 0/1 (0:00:00 / ?) 
[JPlag] Comparing Submission Pairs 100% [====================] 1/1 (0:00:00 / 0:00:00) 
[JPlag] Comparing Submission Pairs 100% [====================] 1/1 (0:00:00 / 0:00:00) 
[JPlag] 2026-04-14-11:54:20_720 [INFO] JPlag - Total time for comparing submissions: 0h 00min 00s 054ms
[JPlag] 2026-04-14-11:54:20_721 [INFO] ClusteringFactory - Calculating clusters via spectral clustering with cumulative distribution function pre-processing...
[JPlag] Apr 14, 2026 11:54:20 PM org.jline.utils.Log logr
[JPlag] WARNING: Unable to create a system terminal, creating a dumb terminal (enable debug logging for more information)
[JPlag] 
[JPlag] Finding Clusters  <<+>         > 0:00:00
[JPlag] Finding Clusters : complete
[JPlag] 2026-04-14-11:54:20_950 [INFO] ReportObjectFactory - Start writing report...
[JPlag] 2026-04-14-11:54:20_951 [INFO] ReportObjectFactory - Start to export results...
[JPlag] Finding Clusters  <<+>         > 0:00:00
[JPlag] Finding Clusters : complete
[JPlag] 2026-04-14-11:54:21_097 [INFO] OutputFileGenerator - Successfully written the result: D:\Jplagcode\Jplagcode\jplag-output-job1.jplag
[JPlag] 2026-04-14-11:54:21_097 [INFO] OutputFileGenerator - View the result using --mode
[JPlag] 2026-04-14-11:54:21_104 [INFO] ReportObjectFactory - Start writing report...
[JPlag] 2026-04-14-11:54:21_104 [INFO] ReportObjectFactory - Start to export results...
ENTRY FOUND: files/student1/Test.java
ENTRY FOUND: files/student2/Test.java
ENTRY FOUND: comparisons/student1-student2.json
FULL JSON ↓↓↓
{
  "firstSubmissionId" : "student1",
  "secondSubmissionId" : "student2",
  "similarities" : {
    "AVG" : 0.7384615384615385,
    "MAX" : 0.8888888888888888,
    "MAXIMUM_LENGTH" : 39.0,
    "LONGEST_MATCH" : 8.0
  },
  "matches" : [ {
    "firstFileName" : "student1\\Test.java",
    "secondFileName" : "student2\\Test.java",
    "startInFirst" : {
      "line" : 1,
      "column" : 7,
      "tokenListIndex" : 0
    },
    "endInFirst" : {
      "line" : 7,
      "column" : 18,
      "tokenListIndex" : 7
    },
    "startInSecond" : {
      "line" : 1,
      "column" : 7,
      "tokenListIndex" : 0
    },
    "endInSecond" : {
      "line" : 7,
      "column" : 20,
      "tokenListIndex" : 7
    },
    "lengthOfFirst" : 8,
    "lengthOfSecond" : 8
  }, {
    "firstFileName" : "student1\\Test.java",
    "secondFileName" : "student2\\Test.java",
    "startInFirst" : {
      "line" : 13,
      "column" : 8,
      "tokenListIndex" : 13
    },
    "endInFirst" : {
      "line" : 19,
      "column" : 9,
      "tokenListIndex" : 20
    },
    "startInSecond" : {
      "line" : 29,
      "column" : 8,
      "tokenListIndex" : 27
    },
    "endInSecond" : {
      "line" : 35,
      "column" : 9,
      "tokenListIndex" : 34
    },
    "lengthOfFirst" : 8,
    "lengthOfSecond" : 8
  }, {
    "firstFileName" : "student1\\Test.java",
    "secondFileName" : "student2\\Test.java",
    "startInFirst" : {
      "line" : 21,
      "column" : 8,
      "tokenListIndex" : 21
    },
    "endInFirst" : {
      "line" : 26,
      "column" : 5,
      "tokenListIndex" : 25
    },
    "startInSecond" : {
      "line" : 10,
      "column" : 8,
      "tokenListIndex" : 11
    },
    "endInSecond" : {
      "line" : 15,
      "column" : 5,
      "tokenListIndex" : 15
    },
    "lengthOfFirst" : 5,
    "lengthOfSecond" : 5
  }, {
    "firstFileName" : "student1\\Test.java",
    "secondFileName" : "student2\\Test.java",
    "startInFirst" : {
      "line" : 9,
      "column" : 8,
      "tokenListIndex" : 8
    },
    "endInFirst" : {
      "line" : 9,
      "column" : 47,
      "tokenListIndex" : 10
    },
    "startInSecond" : {
      "line" : 20,
      "column" : 8,
      "tokenListIndex" : 19
    },
    "endInSecond" : {
      "line" : 21,
      "column" : 16,
      "tokenListIndex" : 21
    },
    "lengthOfFirst" : 3,
    "lengthOfSecond" : 3
  } ],
  "firstSimilarity" : 0.8888888888888888,
  "secondSimilarity" : 0.631578947368421
}
MATCH FOUND: student1 vs student2 = 0.7384615384615385
ENTRY FOUND: runInformation.json
ENTRY FOUND: distribution.json
ENTRY FOUND: topComparisons.json
TOP COMPARISONS ↓↓↓
[ {
  "firstSubmission" : "student1",
  "secondSubmission" : "student2",
  "similarities" : {
    "AVG" : 0.7384615384615385,
    "MAX" : 0.8888888888888888,
    "MAXIMUM_LENGTH" : 39.0,
    "LONGEST_MATCH" : 8.0
  }
} ]
TOP MATCH: student1 vs student2 = 0.7384615384615385
ENTRY FOUND: cluster.json
ENTRY FOUND: submissionMappings.json
ENTRY FOUND: submissionFileIndex.json
ENTRY FOUND: README.txt
ENTRY FOUND: options.json
ENTRY FOUND: basecode/student1.json
ENTRY FOUND: basecode/student2.json
[JPlag] 2026-04-14-11:54:21_256 [INFO] OutputFileGenerator - Successfully written the result: D:\Jplagcode\Jplagcode\jplag-output-job2.jplag
[JPlag] 2026-04-14-11:54:21_256 [INFO] OutputFileGenerator - View the result using --mode
ENTRY FOUND: files/student1/Test.java
ENTRY FOUND: files/student2/Test.java
ENTRY FOUND: comparisons/student1-student2.json
FULL JSON ↓↓↓
{
  "firstSubmissionId" : "student1",
  "secondSubmissionId" : "student2",
  "similarities" : {
    "AVG" : 0.7384615384615385,
    "MAX" : 0.8888888888888888,
    "MAXIMUM_LENGTH" : 39.0,
    "LONGEST_MATCH" : 8.0
  },
  "matches" : [ {
    "firstFileName" : "student1\\Test.java",
    "secondFileName" : "student2\\Test.java",
    "startInFirst" : {
      "line" : 1,
      "column" : 7,
      "tokenListIndex" : 0
    },
    "endInFirst" : {
      "line" : 7,
      "column" : 18,
      "tokenListIndex" : 7
    },
    "startInSecond" : {
      "line" : 1,
      "column" : 7,
      "tokenListIndex" : 0
    },
    "endInSecond" : {
      "line" : 7,
      "column" : 20,
      "tokenListIndex" : 7
    },
    "lengthOfFirst" : 8,
    "lengthOfSecond" : 8
  }, {
    "firstFileName" : "student1\\Test.java",
    "secondFileName" : "student2\\Test.java",
    "startInFirst" : {
      "line" : 13,
      "column" : 8,
      "tokenListIndex" : 13
    },
    "endInFirst" : {
      "line" : 19,
      "column" : 9,
      "tokenListIndex" : 20
    },
    "startInSecond" : {
      "line" : 29,
      "column" : 8,
      "tokenListIndex" : 27
    },
    "endInSecond" : {
      "line" : 35,
      "column" : 9,
      "tokenListIndex" : 34
    },
    "lengthOfFirst" : 8,
    "lengthOfSecond" : 8
  }, {
    "firstFileName" : "student1\\Test.java",
    "secondFileName" : "student2\\Test.java",
    "startInFirst" : {
      "line" : 21,
      "column" : 8,
      "tokenListIndex" : 21
    },
    "endInFirst" : {
      "line" : 26,
      "column" : 5,
      "tokenListIndex" : 25
    },
    "startInSecond" : {
      "line" : 10,
      "column" : 8,
      "tokenListIndex" : 11
    },
    "endInSecond" : {
      "line" : 15,
      "column" : 5,
      "tokenListIndex" : 15
    },
    "lengthOfFirst" : 5,
    "lengthOfSecond" : 5
  }, {
    "firstFileName" : "student1\\Test.java",
    "secondFileName" : "student2\\Test.java",
    "startInFirst" : {
      "line" : 9,
      "column" : 8,
      "tokenListIndex" : 8
    },
    "endInFirst" : {
      "line" : 9,
      "column" : 47,
      "tokenListIndex" : 10
    },
    "startInSecond" : {
      "line" : 20,
      "column" : 8,
      "tokenListIndex" : 19
    },
    "endInSecond" : {
      "line" : 21,
      "column" : 16,
      "tokenListIndex" : 21
    },
    "lengthOfFirst" : 3,
    "lengthOfSecond" : 3
  } ],
  "firstSimilarity" : 0.8888888888888888,
  "secondSimilarity" : 0.631578947368421
}
MATCH FOUND: student1 vs student2 = 0.7384615384615385
ENTRY FOUND: runInformation.json
ENTRY FOUND: distribution.json
ENTRY FOUND: topComparisons.json
TOP COMPARISONS ↓↓↓
[ {
  "firstSubmission" : "student1",
  "secondSubmission" : "student2",
  "similarities" : {
    "AVG" : 0.7384615384615385,
    "MAX" : 0.8888888888888888,
    "MAXIMUM_LENGTH" : 39.0,
    "LONGEST_MATCH" : 8.0
  }
} ]
TOP MATCH: student1 vs student2 = 0.7384615384615385
ENTRY FOUND: cluster.json
ENTRY FOUND: submissionMappings.json
ENTRY FOUND: submissionFileIndex.json
ENTRY FOUND: README.txt
ENTRY FOUND: options.json
ENTRY FOUND: basecode/student1.json
ENTRY FOUND: basecode/student2.json
]]></system-out>
  </testcase>
  <testcase name="testMissingDirectory" classname="com.project.service.JPlagServiceTestIT" time="0.005"/>
  <testcase name="testSingleSubmission" classname="com.project.service.JPlagServiceTestIT" time="2.431">
    <system-out><![CDATA[[JPlag] 2026-04-14-11:54:23_130 [WARN] JPlagVersionChecker - There is a newer version (6.3.0) available. You can download the newest version here: https://github.com/jplag/JPlag/releases
[JPlag] WARNING: A restricted method in java.lang.System has been called
[JPlag] WARNING: java.lang.System::load has been called by org.jline.nativ.JLineNativeLoader in an unnamed module (file:/D:/Jplagcode/Jplagcode/jplag-6.2.0-jar-with-dependencies.jar)
[JPlag] WARNING: Use --enable-native-access=ALL-UNNAMED to avoid a warning for callers in this module
[JPlag] WARNING: Restricted methods will be blocked in a future release unless native access is enabled
[JPlag] 
[JPlag] 
[JPlag] Loading Submissions   0% [=================================] 0/1 (0:00:00 / ?) 
[JPlag] Loading Submissions 100% [===========================] 1/1 (0:00:00 / 0:00:00) 
[JPlag] 
[JPlag] Parsing Submissions   0% [                                 ] 0/1 (0:00:00 / ?) 
[JPlag] Parsing Submissions 100% [===========================] 1/1 (0:00:00 / 0:00:00) 
[JPlag] Parsing Submissions 100% [===========================] 1/1 (0:00:00 / 0:00:00) 
[JPlag] 2026-04-14-11:54:23_741 [INFO] CLI - Summary of all errors:
[JPlag] 2026-04-14-11:54:23_740 [ERROR] CLI - Not enough valid submissions! (found 1 valid submissions)
]]></system-out>
  </testcase>
  <testcase name="testRunJPlagUsingFolderPath" classname="com.project.service.JPlagServiceTestIT" time="3.107">
    <system-out><![CDATA[[JPlag] 2026-04-14-11:54:25_805 [WARN] JPlagVersionChecker - There is a newer version (6.3.0) available. You can download the newest version here: https://github.com/jplag/JPlag/releases
[JPlag] WARNING: A restricted method in java.lang.System has been called
[JPlag] WARNING: java.lang.System::load has been called by org.jline.nativ.JLineNativeLoader in an unnamed module (file:/D:/Jplagcode/Jplagcode/jplag-6.2.0-jar-with-dependencies.jar)
[JPlag] WARNING: Use --enable-native-access=ALL-UNNAMED to avoid a warning for callers in this module
[JPlag] WARNING: Restricted methods will be blocked in a future release unless native access is enabled
[JPlag] 
[JPlag] 
[JPlag] Loading Submissions   0% [================                 ] 0/2 (0:00:00 / ?) 
[JPlag] Loading Submissions 100% [===========================] 2/2 (0:00:00 / 0:00:00) 
[JPlag] Loading Submissions 100% [===========================] 2/2 (0:00:00 / 0:00:00) 
[JPlag] 
[JPlag] Parsing Submissions   0% [                                 ] 0/2 (0:00:00 / ?) 
[JPlag] Parsing Submissions 100% [===========================] 2/2 (0:00:00 / 0:00:00) 
[JPlag] Parsing Submissions 100% [===========================] 2/2 (0:00:00 / 0:00:00) 
[JPlag] 
[JPlag] Preparing Submissions   0% [=========================] 2/2 (0:00:00 / 0:00:00) 
[JPlag] Preparing Submissions 100% [=========================] 2/2 (0:00:00 / 0:00:00) 
[JPlag] 
[JPlag] Comparing Submission Pairs   0% [                          ] 0/1 (0:00:00 / ?) 
[JPlag] Comparing Submission Pairs 100% [====================] 1/1 (0:00:00 / 0:00:00) 
[JPlag] Comparing Submission Pairs 100% [====================] 1/1 (0:00:00 / 0:00:00) 
[JPlag] 2026-04-14-11:54:26_406 [INFO] JPlag - Total time for comparing submissions: 0h 00min 00s 044ms
[JPlag] 2026-04-14-11:54:26_407 [INFO] ClusteringFactory - Calculating clusters via spectral clustering with cumulative distribution function pre-processing...
[JPlag] Apr 14, 2026 11:54:26 PM org.jline.utils.Log logr
[JPlag] WARNING: Unable to create a system terminal, creating a dumb terminal (enable debug logging for more information)
[JPlag] 
[JPlag] Finding Clusters  <<+>         > 0:00:00
[JPlag] Finding Clusters : complete
[JPlag] 2026-04-14-11:54:26_748 [INFO] ReportObjectFactory - Start writing report...
[JPlag] 2026-04-14-11:54:26_749 [INFO] ReportObjectFactory - Start to export results...
[JPlag] 2026-04-14-11:54:26_855 [INFO] OutputFileGenerator - Successfully written the result: D:\Jplagcode\Jplagcode\jplag-output-folder-test.jplag
[JPlag] 2026-04-14-11:54:26_855 [INFO] OutputFileGenerator - View the result using --mode
ENTRY FOUND: files/student1/Test.java
ENTRY FOUND: files/student2/Test.java
ENTRY FOUND: comparisons/student1-student2.json
FULL JSON ↓↓↓
{
  "firstSubmissionId" : "student1",
  "secondSubmissionId" : "student2",
  "similarities" : {
    "AVG" : 0.7384615384615385,
    "MAX" : 0.8888888888888888,
    "MAXIMUM_LENGTH" : 39.0,
    "LONGEST_MATCH" : 8.0
  },
  "matches" : [ {
    "firstFileName" : "student1\\Test.java",
    "secondFileName" : "student2\\Test.java",
    "startInFirst" : {
      "line" : 1,
      "column" : 7,
      "tokenListIndex" : 0
    },
    "endInFirst" : {
      "line" : 7,
      "column" : 18,
      "tokenListIndex" : 7
    },
    "startInSecond" : {
      "line" : 1,
      "column" : 7,
      "tokenListIndex" : 0
    },
    "endInSecond" : {
      "line" : 7,
      "column" : 20,
      "tokenListIndex" : 7
    },
    "lengthOfFirst" : 8,
    "lengthOfSecond" : 8
  }, {
    "firstFileName" : "student1\\Test.java",
    "secondFileName" : "student2\\Test.java",
    "startInFirst" : {
      "line" : 13,
      "column" : 8,
      "tokenListIndex" : 13
    },
    "endInFirst" : {
      "line" : 19,
      "column" : 9,
      "tokenListIndex" : 20
    },
    "startInSecond" : {
      "line" : 29,
      "column" : 8,
      "tokenListIndex" : 27
    },
    "endInSecond" : {
      "line" : 35,
      "column" : 9,
      "tokenListIndex" : 34
    },
    "lengthOfFirst" : 8,
    "lengthOfSecond" : 8
  }, {
    "firstFileName" : "student1\\Test.java",
    "secondFileName" : "student2\\Test.java",
    "startInFirst" : {
      "line" : 21,
      "column" : 8,
      "tokenListIndex" : 21
    },
    "endInFirst" : {
      "line" : 26,
      "column" : 5,
      "tokenListIndex" : 25
    },
    "startInSecond" : {
      "line" : 10,
      "column" : 8,
      "tokenListIndex" : 11
    },
    "endInSecond" : {
      "line" : 15,
      "column" : 5,
      "tokenListIndex" : 15
    },
    "lengthOfFirst" : 5,
    "lengthOfSecond" : 5
  }, {
    "firstFileName" : "student1\\Test.java",
    "secondFileName" : "student2\\Test.java",
    "startInFirst" : {
      "line" : 9,
      "column" : 8,
      "tokenListIndex" : 8
    },
    "endInFirst" : {
      "line" : 9,
      "column" : 47,
      "tokenListIndex" : 10
    },
    "startInSecond" : {
      "line" : 20,
      "column" : 8,
      "tokenListIndex" : 19
    },
    "endInSecond" : {
      "line" : 21,
      "column" : 16,
      "tokenListIndex" : 21
    },
    "lengthOfFirst" : 3,
    "lengthOfSecond" : 3
  } ],
  "firstSimilarity" : 0.8888888888888888,
  "secondSimilarity" : 0.631578947368421
}
MATCH FOUND: student1 vs student2 = 0.7384615384615385
ENTRY FOUND: runInformation.json
ENTRY FOUND: distribution.json
ENTRY FOUND: topComparisons.json
TOP COMPARISONS ↓↓↓
[ {
  "firstSubmission" : "student1",
  "secondSubmission" : "student2",
  "similarities" : {
    "AVG" : 0.7384615384615385,
    "MAX" : 0.8888888888888888,
    "MAXIMUM_LENGTH" : 39.0,
    "LONGEST_MATCH" : 8.0
  }
} ]
TOP MATCH: student1 vs student2 = 0.7384615384615385
ENTRY FOUND: cluster.json
ENTRY FOUND: submissionMappings.json
ENTRY FOUND: submissionFileIndex.json
ENTRY FOUND: README.txt
ENTRY FOUND: options.json
ENTRY FOUND: basecode/student1.json
ENTRY FOUND: basecode/student2.json
]]></system-out>
  </testcase>
  <testcase name="testTimeoutProtection" classname="com.project.service.JPlagServiceTestIT" time="2.655">
    <system-out><![CDATA[[JPlag] 2026-04-14-11:54:28_275 [WARN] JPlagVersionChecker - There is a newer version (6.3.0) available. You can download the newest version here: https://github.com/jplag/JPlag/releases
[JPlag] WARNING: A restricted method in java.lang.System has been called
[JPlag] WARNING: java.lang.System::load has been called by org.jline.nativ.JLineNativeLoader in an unnamed module (file:/D:/Jplagcode/Jplagcode/jplag-6.2.0-jar-with-dependencies.jar)
[JPlag] WARNING: Use --enable-native-access=ALL-UNNAMED to avoid a warning for callers in this module
[JPlag] WARNING: Restricted methods will be blocked in a future release unless native access is enabled
[JPlag] 
[JPlag] 
[JPlag] Loading Submissions   0% [                                 ] 0/2 (0:00:00 / ?) 
[JPlag] Loading Submissions 100% [===========================] 2/2 (0:00:00 / 0:00:00) 
[JPlag] Loading Submissions 100% [===========================] 2/2 (0:00:00 / 0:00:00) 
[JPlag] 
[JPlag] Parsing Submissions   0% [                                 ] 0/2 (0:00:00 / ?) 
[JPlag] Parsing Submissions 100% [===========================] 2/2 (0:00:00 / 0:00:00) 
[JPlag] Parsing Submissions 100% [===========================] 2/2 (0:00:00 / 0:00:00) 
[JPlag] 
[JPlag] Preparing Submissions   0% [=========================] 2/2 (0:00:00 / 0:00:00) 
[JPlag] Preparing Submissions 100% [=========================] 2/2 (0:00:00 / 0:00:00) 
[JPlag] 
[JPlag] Comparing Submission Pairs   0% [                          ] 0/1 (0:00:00 / ?) 
[JPlag] Comparing Submission Pairs 100% [====================] 1/1 (0:00:00 / 0:00:00) 
[JPlag] Comparing Submission Pairs 100% [====================] 1/1 (0:00:00 / 0:00:00) 
[JPlag] 2026-04-14-11:54:29_025 [INFO] JPlag - Total time for comparing submissions: 0h 00min 00s 051ms
[JPlag] 2026-04-14-11:54:29_026 [INFO] ClusteringFactory - Calculating clusters via spectral clustering with cumulative distribution function pre-processing...
[JPlag] Apr 14, 2026 11:54:29 PM org.jline.utils.Log logr
[JPlag] WARNING: Unable to create a system terminal, creating a dumb terminal (enable debug logging for more information)
[JPlag] 
[JPlag] Finding Clusters  <<+>         > 0:00:00
[JPlag] Finding Clusters : complete
[JPlag] 2026-04-14-11:54:29_380 [INFO] ReportObjectFactory - Start writing report...
[JPlag] 2026-04-14-11:54:29_382 [INFO] ReportObjectFactory - Start to export results...
[JPlag] 2026-04-14-11:54:29_509 [INFO] OutputFileGenerator - Successfully written the result: D:\Jplagcode\Jplagcode\jplag-output-timeout-test.jplag
[JPlag] 2026-04-14-11:54:29_509 [INFO] OutputFileGenerator - View the result using --mode
ENTRY FOUND: files/student1/Test.java
ENTRY FOUND: files/student2/Test.java
ENTRY FOUND: comparisons/student1-student2.json
FULL JSON ↓↓↓
{
  "firstSubmissionId" : "student1",
  "secondSubmissionId" : "student2",
  "similarities" : {
    "AVG" : 0.7384615384615385,
    "MAX" : 0.8888888888888888,
    "MAXIMUM_LENGTH" : 39.0,
    "LONGEST_MATCH" : 8.0
  },
  "matches" : [ {
    "firstFileName" : "student1\\Test.java",
    "secondFileName" : "student2\\Test.java",
    "startInFirst" : {
      "line" : 1,
      "column" : 7,
      "tokenListIndex" : 0
    },
    "endInFirst" : {
      "line" : 7,
      "column" : 18,
      "tokenListIndex" : 7
    },
    "startInSecond" : {
      "line" : 1,
      "column" : 7,
      "tokenListIndex" : 0
    },
    "endInSecond" : {
      "line" : 7,
      "column" : 20,
      "tokenListIndex" : 7
    },
    "lengthOfFirst" : 8,
    "lengthOfSecond" : 8
  }, {
    "firstFileName" : "student1\\Test.java",
    "secondFileName" : "student2\\Test.java",
    "startInFirst" : {
      "line" : 13,
      "column" : 8,
      "tokenListIndex" : 13
    },
    "endInFirst" : {
      "line" : 19,
      "column" : 9,
      "tokenListIndex" : 20
    },
    "startInSecond" : {
      "line" : 29,
      "column" : 8,
      "tokenListIndex" : 27
    },
    "endInSecond" : {
      "line" : 35,
      "column" : 9,
      "tokenListIndex" : 34
    },
    "lengthOfFirst" : 8,
    "lengthOfSecond" : 8
  }, {
    "firstFileName" : "student1\\Test.java",
    "secondFileName" : "student2\\Test.java",
    "startInFirst" : {
      "line" : 21,
      "column" : 8,
      "tokenListIndex" : 21
    },
    "endInFirst" : {
      "line" : 26,
      "column" : 5,
      "tokenListIndex" : 25
    },
    "startInSecond" : {
      "line" : 10,
      "column" : 8,
      "tokenListIndex" : 11
    },
    "endInSecond" : {
      "line" : 15,
      "column" : 5,
      "tokenListIndex" : 15
    },
    "lengthOfFirst" : 5,
    "lengthOfSecond" : 5
  }, {
    "firstFileName" : "student1\\Test.java",
    "secondFileName" : "student2\\Test.java",
    "startInFirst" : {
      "line" : 9,
      "column" : 8,
      "tokenListIndex" : 8
    },
    "endInFirst" : {
      "line" : 9,
      "column" : 47,
      "tokenListIndex" : 10
    },
    "startInSecond" : {
      "line" : 20,
      "column" : 8,
      "tokenListIndex" : 19
    },
    "endInSecond" : {
      "line" : 21,
      "column" : 16,
      "tokenListIndex" : 21
    },
    "lengthOfFirst" : 3,
    "lengthOfSecond" : 3
  } ],
  "firstSimilarity" : 0.8888888888888888,
  "secondSimilarity" : 0.631578947368421
}
MATCH FOUND: student1 vs student2 = 0.7384615384615385
ENTRY FOUND: runInformation.json
ENTRY FOUND: distribution.json
ENTRY FOUND: topComparisons.json
TOP COMPARISONS ↓↓↓
[ {
  "firstSubmission" : "student1",
  "secondSubmission" : "student2",
  "similarities" : {
    "AVG" : 0.7384615384615385,
    "MAX" : 0.8888888888888888,
    "MAXIMUM_LENGTH" : 39.0,
    "LONGEST_MATCH" : 8.0
  }
} ]
TOP MATCH: student1 vs student2 = 0.7384615384615385
ENTRY FOUND: cluster.json
ENTRY FOUND: submissionMappings.json
ENTRY FOUND: submissionFileIndex.json
ENTRY FOUND: README.txt
ENTRY FOUND: options.json
ENTRY FOUND: basecode/student1.json
ENTRY FOUND: basecode/student2.json
]]></system-out>
  </testcase>
  <testcase name="testDirtyDataFiles" classname="com.project.service.JPlagServiceTestIT" time="2.004">
    <system-out><![CDATA[[JPlag] 2026-04-14-11:54:30_874 [WARN] JPlagVersionChecker - There is a newer version (6.3.0) available. You can download the newest version here: https://github.com/jplag/JPlag/releases
[JPlag] WARNING: A restricted method in java.lang.System has been called
[JPlag] WARNING: java.lang.System::load has been called by org.jline.nativ.JLineNativeLoader in an unnamed module (file:/D:/Jplagcode/Jplagcode/jplag-6.2.0-jar-with-dependencies.jar)
[JPlag] WARNING: Use --enable-native-access=ALL-UNNAMED to avoid a warning for callers in this module
[JPlag] WARNING: Restricted methods will be blocked in a future release unless native access is enabled
[JPlag] 
[JPlag] 
[JPlag] Loading Submissions   0% [===========================] 0/2 (0:00:00 / 0:00:00) 
[JPlag] Loading Submissions 100% [===========================] 2/2 (0:00:00 / 0:00:00) 
[JPlag] 
[JPlag] Parsing Submissions   0% [                                 ] 0/2 (0:00:00 / ?) 
[JPlag] Parsing Submissions 100% [===========================] 2/2 (0:00:00 / 0:00:00) 
[JPlag] Parsing Submissions 100% [===========================] 2/2 (0:00:00 / 0:00:00) 
[JPlag] 2026-04-14-11:54:31_510 [INFO] Submission - Summary of all errors:
[JPlag] 2026-04-14-11:54:31_506 [ERROR] Submission - Submission Student2 contains 0 tokens, which is below the minimum match length 2!
[JPlag] 2026-04-14-11:54:31_506 [ERROR] Submission - Submission Student1 contains 0 tokens, which is below the minimum match length 2!
[JPlag] 2026-04-14-11:54:31_510 [INFO] CLI - Summary of all errors:
[JPlag] 2026-04-14-11:54:31_509 [ERROR] CLI - Not enough valid submissions! (found 0 valid submissions)
]]></system-out>
  </testcase>
</testsuite>